-------------------------------------------------------------------------------
Test set: com.service.test.ServiceClientTest
-------------------------------------------------------------------------------
Tests run: 2, Failures: 1, Errors: 0, Skipped: 0, Time elapsed: 10.022 s <<< FAILURE! - in com.service.test.ServiceClientTest
should_update_when_update_is_called(com.service.test.ServiceClientTest)  Time elapsed: 0.072 s  <<< FAILURE!
org.mockito.exceptions.verification.WantedButNotInvoked: 

Wanted but not invoked:
clientRepository.save(
    Client [pseudo=null, prenom=null, nom=null, anneePermis=0, adresse=null, mail=null, telephone=0]
);
-> at com.service.test.ServiceClientTest.should_update_when_update_is_called(ServiceClientTest.java:69)
Actually, there were zero interactions with this mock.

	at com.service.test.ServiceClientTest.should_update_when_update_is_called(ServiceClientTest.java:69)

